2025-06-01 14:12:54,485 - __main__ - INFO - ==================================================
2025-06-01 14:12:54,486 - __main__ - INFO - Запуск системы управления махалли
2025-06-01 14:12:54,487 - __main__ - INFO - Время запуска: 2025-06-01 14:12:54.487831
2025-06-01 14:12:54,488 - __main__ - INFO - ==================================================
2025-06-01 14:12:54,637 - config.database - INFO - Инициализация базы данных...
2025-06-01 14:12:55,012 - config.database - INFO - Создан пользователь по умолчанию
2025-06-01 14:12:55,083 - config.database - INFO - Добавлены типы активности
2025-06-01 14:12:55,199 - config.database - INFO - Добавлены тестовые граждане
2025-06-01 14:12:55,200 - config.database - INFO - База данных инициализирована
2025-06-01 14:12:55,200 - __main__ - INFO - Приложение успешно инициализировано
2025-06-01 14:12:55,200 - config.database - INFO - Инициализация базы данных...
2025-06-01 14:12:55,232 - config.database - INFO - База данных инициализирована
2025-06-01 14:12:55,233 - __main__ - INFO - Завершение работы приложения
2025-06-01 14:12:57,500 - __main__ - INFO - ==================================================
2025-06-01 14:12:57,501 - __main__ - INFO - Запуск системы управления махалли
2025-06-01 14:12:57,501 - __main__ - INFO - Время запуска: 2025-06-01 14:12:57.501970
2025-06-01 14:12:57,502 - __main__ - INFO - ==================================================
2025-06-01 14:12:57,503 - config.database - INFO - Инициализация базы данных...
2025-06-01 14:12:57,520 - config.database - INFO - База данных инициализирована
2025-06-01 14:12:57,521 - __main__ - INFO - Приложение успешно инициализировано
2025-06-01 14:12:57,521 - config.database - INFO - Инициализация базы данных...
2025-06-01 14:12:57,538 - config.database - INFO - База данных инициализирована
2025-06-01 14:12:57,539 - __main__ - INFO - Завершение работы приложения
2025-06-01 14:12:59,790 - __main__ - INFO - ==================================================
2025-06-01 14:12:59,790 - __main__ - INFO - Запуск системы управления махалли
2025-06-01 14:12:59,790 - __main__ - INFO - Время запуска: 2025-06-01 14:12:59.790905
2025-06-01 14:12:59,790 - __main__ - INFO - ==================================================
2025-06-01 14:12:59,793 - config.database - INFO - Инициализация базы данных...
2025-06-01 14:12:59,809 - config.database - INFO - База данных инициализирована
2025-06-01 14:12:59,809 - __main__ - INFO - Приложение успешно инициализировано
2025-06-01 14:12:59,809 - config.database - INFO - Инициализация базы данных...
2025-06-01 14:12:59,827 - config.database - INFO - База данных инициализирована
2025-06-01 14:12:59,829 - __main__ - INFO - Завершение работы приложения
2025-06-01 14:17:45,049 - __main__ - INFO - ==================================================
2025-06-01 14:17:45,049 - __main__ - INFO - Запуск системы управления махалли
2025-06-01 14:17:45,050 - __main__ - INFO - Время запуска: 2025-06-01 14:17:45.049991
2025-06-01 14:17:45,050 - __main__ - INFO - ==================================================
2025-06-01 14:17:45,195 - config.database - INFO - Инициализация базы данных...
2025-06-01 14:17:45,209 - config.database - INFO - База данных инициализирована
2025-06-01 14:17:45,209 - __main__ - INFO - Приложение успешно инициализировано
2025-06-01 14:17:45,209 - config.database - INFO - Инициализация базы данных...
2025-06-01 14:17:45,228 - config.database - INFO - База данных инициализирована
2025-06-01 14:17:45,229 - __main__ - INFO - Завершение работы приложения
2025-06-01 14:17:51,648 - __main__ - INFO - ==================================================
2025-06-01 14:17:51,648 - __main__ - INFO - Запуск системы управления махалли
2025-06-01 14:17:51,648 - __main__ - INFO - Время запуска: 2025-06-01 14:17:51.648452
2025-06-01 14:17:51,648 - __main__ - INFO - ==================================================
2025-06-01 14:17:51,649 - config.database - INFO - Инициализация базы данных...
2025-06-01 14:17:51,663 - config.database - INFO - База данных инициализирована
2025-06-01 14:17:51,663 - __main__ - INFO - Приложение успешно инициализировано
2025-06-01 14:17:51,664 - config.database - INFO - Инициализация базы данных...
2025-06-01 14:17:51,680 - config.database - INFO - База данных инициализирована
2025-06-01 14:17:51,680 - __main__ - INFO - Завершение работы приложения
2025-06-01 14:18:01,895 - __main__ - INFO - ==================================================
2025-06-01 14:18:01,895 - __main__ - INFO - Запуск системы управления махалли
2025-06-01 14:18:01,896 - __main__ - INFO - Время запуска: 2025-06-01 14:18:01.896124
2025-06-01 14:18:01,896 - __main__ - INFO - ==================================================
2025-06-01 14:18:01,897 - config.database - INFO - Инициализация базы данных...
2025-06-01 14:18:01,910 - config.database - INFO - База данных инициализирована
2025-06-01 14:18:01,910 - __main__ - INFO - Приложение успешно инициализировано
2025-06-01 14:18:01,910 - config.database - INFO - Инициализация базы данных...
2025-06-01 14:18:01,931 - config.database - INFO - База данных инициализирована
2025-06-01 14:18:01,932 - __main__ - INFO - Завершение работы приложения
2025-06-01 14:18:07,030 - __main__ - INFO - ==================================================
2025-06-01 14:18:07,031 - __main__ - INFO - Запуск системы управления махалли
2025-06-01 14:18:07,031 - __main__ - INFO - Время запуска: 2025-06-01 14:18:07.031799
2025-06-01 14:18:07,032 - __main__ - INFO - ==================================================
2025-06-01 14:18:07,035 - config.database - INFO - Инициализация базы данных...
2025-06-01 14:18:07,047 - config.database - INFO - База данных инициализирована
2025-06-01 14:18:07,047 - __main__ - INFO - Приложение успешно инициализировано
2025-06-01 14:18:07,048 - config.database - INFO - Инициализация базы данных...
2025-06-01 14:18:07,062 - config.database - INFO - База данных инициализирована
2025-06-01 14:18:07,063 - __main__ - INFO - Завершение работы приложения
2025-06-01 14:18:11,030 - __main__ - INFO - ==================================================
2025-06-01 14:18:11,031 - __main__ - INFO - Запуск системы управления махалли
2025-06-01 14:18:11,031 - __main__ - INFO - Время запуска: 2025-06-01 14:18:11.031553
2025-06-01 14:18:11,031 - __main__ - INFO - ==================================================
2025-06-01 14:18:11,033 - config.database - INFO - Инициализация базы данных...
2025-06-01 14:18:11,045 - config.database - INFO - База данных инициализирована
2025-06-01 14:18:11,045 - __main__ - INFO - Приложение успешно инициализировано
2025-06-01 14:18:11,045 - config.database - INFO - Инициализация базы данных...
2025-06-01 14:18:11,059 - config.database - INFO - База данных инициализирована
2025-06-01 14:18:11,060 - __main__ - INFO - Завершение работы приложения
2025-06-01 14:20:02,019 - __main__ - INFO - ==================================================
2025-06-01 14:20:02,020 - __main__ - INFO - Запуск системы управления махалли
2025-06-01 14:20:02,020 - __main__ - INFO - Время запуска: 2025-06-01 14:20:02.020352
2025-06-01 14:20:02,020 - __main__ - INFO - ==================================================
2025-06-01 14:20:02,022 - config.database - INFO - Инициализация базы данных...
2025-06-01 14:20:02,036 - config.database - INFO - База данных инициализирована
2025-06-01 14:20:02,036 - __main__ - INFO - Приложение успешно инициализировано
2025-06-01 14:20:02,036 - config.database - INFO - Инициализация базы данных...
2025-06-01 14:20:02,051 - config.database - INFO - База данных инициализирована
2025-06-01 14:20:02,051 - __main__ - INFO - Завершение работы приложения
2025-06-01 14:20:27,019 - __main__ - INFO - ==================================================
2025-06-01 14:20:27,021 - __main__ - INFO - Запуск системы управления махалли
2025-06-01 14:20:27,021 - __main__ - INFO - Время запуска: 2025-06-01 14:20:27.021893
2025-06-01 14:20:27,022 - __main__ - INFO - ==================================================
2025-06-01 14:20:27,023 - config.database - INFO - Инициализация базы данных...
2025-06-01 14:20:27,037 - config.database - INFO - База данных инициализирована
2025-06-01 14:20:27,037 - __main__ - INFO - Приложение успешно инициализировано
2025-06-01 14:20:27,037 - config.database - INFO - Инициализация базы данных...
2025-06-01 14:20:27,053 - config.database - INFO - База данных инициализирована
2025-06-01 14:20:27,054 - __main__ - INFO - Завершение работы приложения
2025-06-01 14:23:31,664 - __main__ - INFO - ==================================================
2025-06-01 14:23:31,664 - __main__ - INFO - Запуск системы управления махалли
2025-06-01 14:23:31,664 - __main__ - INFO - Время запуска: 2025-06-01 14:23:31.664862
2025-06-01 14:23:31,664 - __main__ - INFO - ==================================================
2025-06-01 14:23:31,804 - config.database - INFO - Инициализация базы данных...
2025-06-01 14:23:31,818 - config.database - INFO - База данных инициализирована
2025-06-01 14:23:31,818 - __main__ - INFO - Приложение успешно инициализировано
2025-06-01 14:23:31,818 - config.database - INFO - Инициализация базы данных...
2025-06-01 14:23:31,839 - config.database - INFO - База данных инициализирована
2025-06-01 14:23:31,841 - __main__ - INFO - Завершение работы приложения
2025-06-01 14:23:37,606 - __main__ - INFO - ==================================================
2025-06-01 14:23:37,607 - __main__ - INFO - Запуск системы управления махалли
2025-06-01 14:23:37,607 - __main__ - INFO - Время запуска: 2025-06-01 14:23:37.607209
2025-06-01 14:23:37,607 - __main__ - INFO - ==================================================
2025-06-01 14:23:37,608 - config.database - INFO - Инициализация базы данных...
2025-06-01 14:23:37,626 - config.database - INFO - База данных инициализирована
2025-06-01 14:23:37,627 - __main__ - INFO - Приложение успешно инициализировано
2025-06-01 14:23:37,627 - config.database - INFO - Инициализация базы данных...
2025-06-01 14:23:37,647 - config.database - INFO - База данных инициализирована
2025-06-01 14:23:37,648 - __main__ - INFO - Завершение работы приложения
2025-06-01 14:24:44,485 - __main__ - INFO - ==================================================
2025-06-01 14:24:44,485 - __main__ - INFO - Запуск системы управления махалли
2025-06-01 14:24:44,486 - __main__ - INFO - Время запуска: 2025-06-01 14:24:44.485998
2025-06-01 14:24:44,486 - __main__ - INFO - ==================================================
2025-06-01 14:24:44,652 - config.database - INFO - Инициализация базы данных...
2025-06-01 14:24:44,662 - config.database - INFO - База данных инициализирована
2025-06-01 14:24:44,662 - __main__ - INFO - Приложение успешно инициализировано
2025-06-01 14:24:44,662 - config.database - INFO - Инициализация базы данных...
2025-06-01 14:24:44,672 - config.database - INFO - База данных инициализирована
2025-06-01 14:24:44,674 - __main__ - INFO - Завершение работы приложения
2025-06-01 14:27:15,578 - __main__ - INFO - ==================================================
2025-06-01 14:27:15,579 - __main__ - INFO - Запуск системы управления махалли
2025-06-01 14:27:15,579 - __main__ - INFO - Время запуска: 2025-06-01 14:27:15.579140
2025-06-01 14:27:15,579 - __main__ - INFO - ==================================================
2025-06-01 14:27:15,663 - config.database - INFO - Инициализация базы данных...
2025-06-01 14:27:15,673 - config.database - INFO - База данных инициализирована
2025-06-01 14:27:15,673 - __main__ - INFO - Приложение успешно инициализировано
2025-06-01 14:27:15,673 - config.database - INFO - Инициализация базы данных...
2025-06-01 14:27:15,683 - config.database - INFO - База данных инициализирована
2025-06-01 14:27:15,684 - __main__ - INFO - Завершение работы приложения
2025-06-01 14:27:27,635 - __main__ - INFO - ==================================================
2025-06-01 14:27:27,637 - __main__ - INFO - Запуск системы управления махалли
2025-06-01 14:27:27,637 - __main__ - INFO - Время запуска: 2025-06-01 14:27:27.637627
2025-06-01 14:27:27,637 - __main__ - INFO - ==================================================
2025-06-01 14:27:27,696 - __main__ - ERROR - Ошибка инициализации приложения: `set_page_config()` can only be called once per app page, and must be called as the first Streamlit command in your script.

For more information refer to the [docs](https://docs.streamlit.io/develop/api-reference/configuration/st.set_page_config).
2025-06-01 14:27:27,698 - __main__ - INFO - Завершение работы приложения
2025-06-01 14:28:47,328 - __main__ - INFO - ==================================================
2025-06-01 14:28:47,331 - __main__ - INFO - Запуск системы управления махалли
2025-06-01 14:28:47,331 - __main__ - INFO - Время запуска: 2025-06-01 14:28:47.331902
2025-06-01 14:28:47,332 - __main__ - INFO - ==================================================
2025-06-01 14:28:47,395 - __main__ - ERROR - Ошибка инициализации приложения: `set_page_config()` can only be called once per app page, and must be called as the first Streamlit command in your script.

For more information refer to the [docs](https://docs.streamlit.io/develop/api-reference/configuration/st.set_page_config).
2025-06-01 14:28:47,401 - __main__ - INFO - Завершение работы приложения
2025-06-01 14:28:51,632 - __main__ - INFO - ==================================================
2025-06-01 14:28:51,632 - __main__ - INFO - Запуск системы управления махалли
2025-06-01 14:28:51,634 - __main__ - INFO - Время запуска: 2025-06-01 14:28:51.634564
2025-06-01 14:28:51,634 - __main__ - INFO - ==================================================
2025-06-01 14:28:51,635 - __main__ - ERROR - Ошибка инициализации приложения: `set_page_config()` can only be called once per app page, and must be called as the first Streamlit command in your script.

For more information refer to the [docs](https://docs.streamlit.io/develop/api-reference/configuration/st.set_page_config).
2025-06-01 14:28:51,638 - __main__ - INFO - Завершение работы приложения
2025-06-01 14:29:07,095 - __main__ - INFO - ==================================================
2025-06-01 14:29:07,095 - __main__ - INFO - Запуск системы управления махалли
2025-06-01 14:29:07,095 - __main__ - INFO - Время запуска: 2025-06-01 14:29:07.095654
2025-06-01 14:29:07,095 - __main__ - INFO - ==================================================
2025-06-01 14:29:07,254 - config.database - INFO - Инициализация базы данных...
2025-06-01 14:29:07,271 - config.database - INFO - База данных инициализирована
2025-06-01 14:29:07,272 - __main__ - INFO - Приложение успешно инициализировано
2025-06-01 14:29:07,272 - config.database - INFO - Инициализация базы данных...
2025-06-01 14:29:07,290 - config.database - INFO - База данных инициализирована
2025-06-01 14:29:07,291 - __main__ - INFO - Завершение работы приложения
